2023-10-18 20:28:59,641 - basicLogger - INFO - Retrieving Conflict report at index 100
2023-10-18 20:29:22,933 - basicLogger - INFO - Retrieving Operation report at index 100
2023-10-18 20:29:24,161 - basicLogger - ERROR - Could not find report at index 100
2023-10-18 20:29:32,648 - basicLogger - INFO - Retrieving Operation report at index 99
2023-10-18 20:29:33,868 - basicLogger - ERROR - Could not find report at index 99
2023-10-18 20:29:52,353 - basicLogger - INFO - Retrieving Operation report at index 1
2023-10-18 20:29:53,584 - basicLogger - ERROR - Could not find report at index 1
2023-10-18 20:30:01,489 - basicLogger - INFO - Retrieving Operation report at index 2
2023-10-18 20:30:02,725 - basicLogger - ERROR - Could not find report at index 2
2023-10-18 20:30:11,702 - basicLogger - INFO - Retrieving Operation report at index 3
2023-10-18 20:30:12,932 - basicLogger - ERROR - Could not find report at index 3
2023-10-18 20:30:58,416 - basicLogger - INFO - Retrieving Operation report at index 3
2023-10-18 20:31:06,199 - basicLogger - INFO - Retrieving Conflict report at index 100
2023-10-18 20:31:10,803 - basicLogger - INFO - Retrieving Conflict report at index 1
2023-10-18 20:31:14,681 - basicLogger - INFO - Retrieving Conflict report at index 2
2023-10-18 20:32:46,894 - basicLogger - INFO - Retrieving Conflict report at index 6
2023-10-18 20:35:05,666 - basicLogger - INFO - Retrieving Operation report at index 100
2023-10-18 20:35:36,027 - basicLogger - INFO - Retrieving Operation report at index 5
2023-10-18 20:35:46,456 - basicLogger - INFO - Retrieving Conflict report at index 100
2023-10-18 20:39:33,402 - basicLogger - INFO - Retrieving Conflict report at index 100000
2023-10-18 20:39:34,640 - basicLogger - ERROR - Could not find report at index 100000
2023-10-18 20:40:37,263 - basicLogger - INFO - Retrieving Conflict report at index 999999999
2023-10-18 20:40:38,500 - basicLogger - ERROR - Could not find report at index 999999999
2023-10-18 20:40:47,223 - basicLogger - INFO - Retrieving Conflict report at index -9
2023-10-18 20:40:48,599 - basicLogger - ERROR - Could not find report at index -9
2023-10-31 14:36:32,627 - basicLogger - INFO - Retrieving Conflict report at index 100
2023-10-31 14:36:48,592 - basicLogger - INFO - Retrieving Conflict report at index 200
2023-10-31 14:36:58,320 - basicLogger - INFO - Retrieving Conflict report at index 10000
2023-10-31 14:36:59,668 - basicLogger - ERROR - Could not find report at index 10000
2023-10-31 14:37:06,221 - basicLogger - INFO - Retrieving Conflict report at index 1000
2023-10-31 14:37:07,558 - basicLogger - ERROR - Could not find report at index 1000
2023-10-31 14:37:13,940 - basicLogger - INFO - Retrieving Conflict report at index 500
2023-10-31 14:37:15,388 - basicLogger - ERROR - Could not find report at index 500
2023-10-31 14:37:25,485 - basicLogger - INFO - Retrieving Operation report at index 100
2023-10-31 14:37:31,745 - basicLogger - INFO - Retrieving Operation report at index 0
2023-10-31 14:37:38,042 - basicLogger - INFO - Retrieving Operation report at index 200
2023-10-31 14:37:43,850 - basicLogger - INFO - Retrieving Operation report at index 300
2023-10-31 14:37:49,189 - basicLogger - INFO - Retrieving Operation report at index 400
2023-10-31 14:37:50,741 - basicLogger - ERROR - Could not find report at index 400
